<?xml version="1.0" encoding="UTF-8"?>
<!-- Generated by org.testng.reporters.JUnitReportReporter -->
<testsuite skipped="0" hostname="DESKTOP-PICR38M" name="com.ua.learning.project.automation.implementation.submit_registration.SubmitRegistrationTest" tests="6" failures="0" timestamp="2022-04-29T12:44:47 EDT" time="0.091" errors="0">
  <testcase name="callMenus" time="0.009" classname="com.ua.learning.project.automation.implementation.submit_registration.SubmitRegistrationTest"/>
  <system-out/>
  <testcase name="loginSystem" time="0.006" classname="com.ua.learning.project.automation.implementation.submit_registration.SubmitRegistrationTest"/>
  <system-out/>
  <testcase name="task5" time="0.007" classname="com.ua.learning.project.automation.implementation.submit_registration.SubmitRegistrationTest"/>
  <system-out/>
  <testcase name="task6" time="0.002" classname="com.ua.learning.project.automation.implementation.submit_registration.SubmitRegistrationTest"/>
  <system-out/>
  <testcase name="getRegister" time="0.004" classname="com.ua.learning.project.automation.implementation.submit_registration.SubmitRegistrationTest"/>
  <system-out/>
  <testcase name="Task4" time="0.063" classname="com.ua.learning.project.automation.implementation.submit_registration.SubmitRegistrationTest"/>
  <system-out/>
</testsuite> <!-- com.ua.learning.project.automation.implementation.submit_registration.SubmitRegistrationTest -->
